#
# There is insufficient memory for the Java Runtime Environment to continue.
# Native memory allocation (malloc) failed to allocate 1542592 bytes for Chunk::new
# Possible reasons:
#   The system is out of physical RAM or swap space
#   The process is running with CompressedOops enabled, and the Java Heap may be blocking the growth of the native heap
# Possible solutions:
#   Reduce memory load on the system
#   Increase physical memory or swap space
#   Check if swap backing store is full
#   Decrease Java heap size (-Xmx/-Xms)
#   Decrease number of Java threads
#   Decrease Java thread stack sizes (-Xss)
#   Set larger code cache with -XX:ReservedCodeCacheSize=
#   JVM is running with Unscaled Compressed Oops mode in which the Java heap is
#     placed in the first 4GB address space. The Java Heap base address is the
#     maximum limit for the native heap growth. Please use -XX:HeapBaseMinAddress
#     to set the Java Heap base and to place the Java Heap above 4GB virtual address.
# This output file may be truncated or incomplete.
#
#  Out of Memory Error (allocation.cpp:389), pid=19184, tid=0x0000000000002a1c
#
# JRE version: OpenJDK Runtime Environment (8.0_242-b01) (build 1.8.0_242-release-1644-b01)
# Java VM: OpenJDK 64-Bit Server VM (25.242-b01 mixed mode windows-amd64 compressed oops)
# Failed to write core dump. Minidumps are not enabled by default on client versions of Windows
#

---------------  T H R E A D  ---------------

Current thread (0x0000000019f59000):  JavaThread "C2 CompilerThread1" daemon [_thread_in_native, id=10780, stack(0x000000001a930000,0x000000001aa30000)]

Stack: [0x000000001a930000,0x000000001aa30000]
[error occurred during error reporting (printing stack bounds), id 0xc0000005]

Native frames: (J=compiled Java code, j=interpreted, Vv=VM code, C=native code)


Current CompileTask:
C2:6827372 26537 %     4       com.android.tools.r8.ir.regalloc.a::a @ 2118 (3992 bytes)


---------------  P R O C E S S  ---------------

Java Threads: ( => current thread )
  0x00000000341b2800 JavaThread "WorkerExecutor Queue Thread 9" [_thread_blocked, id=7384, stack(0x0000000036d40000,0x0000000036e40000)]
  0x00000000341aa000 JavaThread "ForkJoinPool.commonPool-worker-3" daemon [_thread_blocked, id=6588, stack(0x0000000036a80000,0x0000000036b80000)]
  0x00000000341ad000 JavaThread "ForkJoinPool.commonPool-worker-1" daemon [_thread_blocked, id=7440, stack(0x0000000036880000,0x0000000036980000)]
  0x00000000341a9000 JavaThread "ForkJoinPool.commonPool-worker-0" daemon [_thread_blocked, id=6428, stack(0x0000000036780000,0x0000000036880000)]
  0x000000001cb97800 JavaThread "ForkJoinPool.commonPool-worker-7" daemon [_thread_blocked, id=18200, stack(0x0000000036680000,0x0000000036780000)]
  0x0000000034991000 JavaThread "ForkJoinPool.commonPool-worker-6" daemon [_thread_blocked, id=18568, stack(0x0000000036580000,0x0000000036680000)]
  0x0000000034992000 JavaThread "ForkJoinPool.commonPool-worker-5" daemon [_thread_blocked, id=10032, stack(0x0000000036480000,0x0000000036580000)]
  0x0000000034998000 JavaThread "Cache worker for Java compile cache (C:\Users\Admin\AndroidStudioProjects\CalculatorLite\.gradle\6.5\javaCompile)" [_thread_blocked, id=20252, stack(0x0000000032790000,0x0000000032890000)]
  0x0000000034992800 JavaThread "stdout" [_thread_in_native, id=1476, stack(0x0000000032690000,0x0000000032790000)]
  0x000000003498b000 JavaThread "stderr" [_thread_in_native, id=2260, stack(0x0000000032590000,0x0000000032690000)]
  0x0000000034989000 JavaThread "stdout" [_thread_in_native, id=19344, stack(0x0000000032490000,0x0000000032590000)]
  0x000000003498f000 JavaThread "stderr" [_thread_in_native, id=1020, stack(0x0000000032390000,0x0000000032490000)]
  0x000000003498f800 JavaThread "stdout" [_thread_in_native, id=8796, stack(0x0000000031a70000,0x0000000031b70000)]
  0x000000003498a800 JavaThread "stderr" [_thread_in_native, id=11568, stack(0x0000000030f70000,0x0000000031070000)]
  0x000000003498e000 JavaThread "stdout" [_thread_in_native, id=16448, stack(0x0000000030e70000,0x0000000030f70000)]
  0x000000003498d800 JavaThread "stderr" [_thread_in_native, id=224, stack(0x0000000030d70000,0x0000000030e70000)]
  0x000000003498c800 JavaThread "stdout" [_thread_in_native, id=16896, stack(0x0000000030c70000,0x0000000030d70000)]
  0x0000000034989800 JavaThread "stderr" [_thread_in_native, id=6708, stack(0x0000000030b70000,0x0000000030c70000)]
  0x000000003498c000 JavaThread "stdout" [_thread_in_native, id=11680, stack(0x0000000030a70000,0x0000000030b70000)]
  0x000000001cb22800 JavaThread "stderr" [_thread_in_native, id=13636, stack(0x0000000030970000,0x0000000030a70000)]
  0x000000001cb20800 JavaThread "WorkerExecutor Queue Thread 8" [_thread_blocked, id=11556, stack(0x0000000030870000,0x0000000030970000)]
  0x000000001cb21800 JavaThread "WorkerExecutor Queue Thread 7" [_thread_blocked, id=4800, stack(0x0000000030770000,0x0000000030870000)]
  0x0000000020f46000 JavaThread "WorkerExecutor Queue Thread 6" [_thread_blocked, id=7796, stack(0x0000000030670000,0x0000000030770000)]
  0x0000000020f45800 JavaThread "stdout" [_thread_in_native, id=5636, stack(0x0000000030570000,0x0000000030670000)]
  0x0000000020f44000 JavaThread "stderr" [_thread_in_native, id=3256, stack(0x0000000030340000,0x0000000030440000)]
  0x0000000020f43000 JavaThread "WorkerExecutor Queue Thread 5" [_thread_blocked, id=6548, stack(0x0000000030240000,0x0000000030340000)]
  0x0000000020f44800 JavaThread "WorkerExecutor Queue Thread 4" [_thread_blocked, id=7348, stack(0x0000000030140000,0x0000000030240000)]
  0x0000000020f47800 JavaThread "pool-15-thread-1" [_thread_blocked, id=11452, stack(0x0000000030040000,0x0000000030140000)]
  0x0000000020f47000 JavaThread "WorkerExecutor Queue Thread 3" [_thread_blocked, id=11328, stack(0x000000002fd40000,0x000000002fe40000)]
  0x0000000020f3b800 JavaThread "WorkerExecutor Queue Thread 2" [_thread_blocked, id=6656, stack(0x000000002fc40000,0x000000002fd40000)]
  0x0000000020f41800 JavaThread "Cache worker for execution history cache (C:\Users\Admin\AndroidStudioProjects\CalculatorLite\.gradle\6.5\executionHistory)" [_thread_blocked, id=9640, stack(0x000000002fb40000,0x000000002fc40000)]
  0x0000000020f41000 JavaThread "Execution worker for ':' Thread 7" [_thread_blocked, id=20168, stack(0x000000002fa40000,0x000000002fb40000)]
  0x0000000020f40000 JavaThread "Execution worker for ':' Thread 6" [_thread_blocked, id=14868, stack(0x000000002f940000,0x000000002fa40000)]
  0x0000000020f3e000 JavaThread "Execution worker for ':' Thread 5" [_thread_blocked, id=4324, stack(0x000000002f840000,0x000000002f940000)]
  0x0000000020f38800 JavaThread "Execution worker for ':' Thread 4" [_thread_blocked, id=15396, stack(0x000000002f340000,0x000000002f440000)]
  0x000000001a11b000 JavaThread "Execution worker for ':' Thread 3" [_thread_blocked, id=16124, stack(0x000000002f240000,0x000000002f340000)]
  0x000000001a117800 JavaThread "Execution worker for ':' Thread 2" [_thread_blocked, id=17068, stack(0x000000002f140000,0x000000002f240000)]
  0x000000001a116000 JavaThread "Execution worker for ':'" [_thread_blocked, id=6256, stack(0x000000002f040000,0x000000002f140000)]
  0x000000001a113800 JavaThread "Cache worker for file content cache (C:\Users\Admin\AndroidStudioProjects\CalculatorLite\.gradle\6.5\fileContent)" [_thread_blocked, id=13336, stack(0x000000002e340000,0x000000002e440000)]
  0x000000001a115000 JavaThread "Cache worker for Build Output Cleanup Cache (C:\Users\Admin\AndroidStudioProjects\CalculatorLite\.gradle\buildOutputCleanup)" [_thread_blocked, id=6184, stack(0x000000002e240000,0x000000002e340000)]
  0x000000001a116800 JavaThread "jar transforms Thread 644" [_thread_blocked, id=7932, stack(0x000000002e040000,0x000000002e140000)]
  0x000000001a11a800 JavaThread "jar transforms Thread 643" [_thread_blocked, id=1704, stack(0x000000002d3f0000,0x000000002d4f0000)]
  0x000000001a119000 JavaThread "jar transforms Thread 642" [_thread_blocked, id=11052, stack(0x000000002b3c0000,0x000000002b4c0000)]
  0x000000001a119800 JavaThread "jar transforms Thread 641" [_thread_blocked, id=14436, stack(0x000000002b2c0000,0x000000002b3c0000)]
  0x000000001a10c000 JavaThread "jar transforms Thread 640" [_thread_blocked, id=18600, stack(0x000000002b1c0000,0x000000002b2c0000)]
  0x000000001a113000 JavaThread "jar transforms Thread 639" [_thread_blocked, id=17372, stack(0x000000002b0c0000,0x000000002b1c0000)]
  0x000000001a112000 JavaThread "jar transforms Thread 638" [_thread_blocked, id=18216, stack(0x000000002afc0000,0x000000002b0c0000)]
  0x000000001a10d800 JavaThread "jar transforms Thread 637" [_thread_blocked, id=13992, stack(0x000000002aec0000,0x000000002afc0000)]
  0x000000001a111800 JavaThread "jar transforms Thread 636" [_thread_blocked, id=16200, stack(0x000000002adc0000,0x000000002aec0000)]
  0x000000001a10c800 JavaThread "jar transforms Thread 635" [_thread_blocked, id=18952, stack(0x000000002acc0000,0x000000002adc0000)]
  0x000000001a110800 JavaThread "jar transforms Thread 634" [_thread_blocked, id=7764, stack(0x000000002abc0000,0x000000002acc0000)]
  0x000000001f8ea000 JavaThread "jar transforms Thread 633" [_thread_blocked, id=19736, stack(0x000000002aac0000,0x000000002abc0000)]
  0x000000001f8f1000 JavaThread "jar transforms Thread 632" [_thread_blocked, id=10872, stack(0x000000002a9c0000,0x000000002aac0000)]
  0x000000001f8e9000 JavaThread "jar transforms Thread 631" [_thread_blocked, id=1844, stack(0x000000002a8c0000,0x000000002a9c0000)]
  0x000000001f8ee800 JavaThread "jar transforms Thread 630" [_thread_blocked, id=15480, stack(0x000000002a7c0000,0x000000002a8c0000)]
  0x000000001f8ea800 JavaThread "jar transforms Thread 629" [_thread_blocked, id=3020, stack(0x000000002a6c0000,0x000000002a7c0000)]
  0x000000001f8f0000 JavaThread "jar transforms Thread 628" [_thread_blocked, id=8308, stack(0x000000002a5c0000,0x000000002a6c0000)]
  0x000000001f8ed800 JavaThread "jar transforms Thread 627" [_thread_blocked, id=19976, stack(0x000000002a4c0000,0x000000002a5c0000)]
  0x000000001f8ec000 JavaThread "jar transforms Thread 626" [_thread_blocked, id=11464, stack(0x000000002a3c0000,0x000000002a4c0000)]
  0x000000001f8e2800 JavaThread "jar transforms Thread 625" [_thread_blocked, id=16732, stack(0x000000002a2c0000,0x000000002a3c0000)]
  0x000000001f8e1800 JavaThread "jar transforms Thread 624" [_thread_blocked, id=18872, stack(0x000000002a1c0000,0x000000002a2c0000)]
  0x000000001f8e8800 JavaThread "jar transforms Thread 623" [_thread_blocked, id=14696, stack(0x000000002a0c0000,0x000000002a1c0000)]
  0x000000001f8e4800 JavaThread "jar transforms Thread 622" [_thread_blocked, id=11100, stack(0x0000000029fc0000,0x000000002a0c0000)]
  0x000000001f8e7000 JavaThread "jar transforms Thread 621" [_thread_blocked, id=18024, stack(0x0000000029ec0000,0x0000000029fc0000)]
  0x000000001f8e6000 JavaThread "jar transforms Thread 620" [_thread_blocked, id=1568, stack(0x0000000029dc0000,0x0000000029ec0000)]
  0x000000001f8e7800 JavaThread "jar transforms Thread 619" [_thread_blocked, id=11132, stack(0x0000000029cc0000,0x0000000029dc0000)]
  0x000000001f8e4000 JavaThread "jar transforms Thread 618" [_thread_blocked, id=10656, stack(0x0000000029bc0000,0x0000000029cc0000)]
  0x000000001f8e3000 JavaThread "jar transforms Thread 617" [_thread_blocked, id=18348, stack(0x0000000029ac0000,0x0000000029bc0000)]
  0x0000000022300000 JavaThread "jar transforms Thread 616" [_thread_blocked, id=15188, stack(0x00000000299c0000,0x0000000029ac0000)]
  0x0000000022301800 JavaThread "jar transforms Thread 615" [_thread_blocked, id=2232, stack(0x00000000298c0000,0x00000000299c0000)]
  0x0000000022300800 JavaThread "jar transforms Thread 614" [_thread_blocked, id=12188, stack(0x00000000297c0000,0x00000000298c0000)]
  0x00000000222ff000 JavaThread "jar transforms Thread 613" [_thread_blocked, id=16568, stack(0x00000000296c0000,0x00000000297c0000)]
  0x00000000222f7000 JavaThread "jar transforms Thread 612" [_thread_blocked, id=10016, stack(0x00000000295c0000,0x00000000296c0000)]
  0x00000000222fd000 JavaThread "jar transforms Thread 611" [_thread_blocked, id=13488, stack(0x00000000294c0000,0x00000000295c0000)]
  0x00000000222fd800 JavaThread "jar transforms Thread 610" [_thread_blocked, id=19380, stack(0x00000000293c0000,0x00000000294c0000)]
  0x00000000222f5800 JavaThread "jar transforms Thread 609" [_thread_blocked, id=9336, stack(0x00000000292c0000,0x00000000293c0000)]
  0x00000000222fa800 JavaThread "jar transforms Thread 608" [_thread_blocked, id=1944, stack(0x00000000291c0000,0x00000000292c0000)]
  0x00000000222fc000 JavaThread "jar transforms Thread 607" [_thread_blocked, id=12116, stack(0x0000000028ec0000,0x0000000028fc0000)]
  0x00000000222f4800 JavaThread "jar transforms Thread 606" [_thread_blocked, id=8968, stack(0x0000000028dc0000,0x0000000028ec0000)]
  0x00000000222f9000 JavaThread "jar transforms Thread 605" [_thread_blocked, id=2788, stack(0x0000000028cc0000,0x0000000028dc0000)]
  0x00000000222f8800 JavaThread "jar transforms Thread 604" [_thread_blocked, id=3136, stack(0x0000000028bc0000,0x0000000028cc0000)]
  0x00000000222f7800 JavaThread "jar transforms Thread 603" [_thread_blocked, id=7116, stack(0x0000000028ac0000,0x0000000028bc0000)]
  0x00000000222f4000 JavaThread "jar transforms Thread 602" [_thread_blocked, id=19460, stack(0x00000000289c0000,0x0000000028ac0000)]
  0x00000000222f2800 JavaThread "jar transforms Thread 601" [_thread_blocked, id=9372, stack(0x00000000288c0000,0x00000000289c0000)]
  0x00000000222f3000 JavaThread "jar transforms Thread 600" [_thread_blocked, id=13192, stack(0x00000000287c0000,0x00000000288c0000)]
  0x000000001beb4000 JavaThread "jar transforms Thread 599" [_thread_blocked, id=12792, stack(0x00000000286c0000,0x00000000287c0000)]
  0x000000001beb3000 JavaThread "jar transforms Thread 598" [_thread_blocked, id=9368, stack(0x00000000285c0000,0x00000000286c0000)]
  0x000000001beb2800 JavaThread "jar transforms Thread 597" [_thread_blocked, id=18904, stack(0x00000000284c0000,0x00000000285c0000)]
  0x000000001beb1800 JavaThread "jar transforms Thread 596" [_thread_blocked, id=4648, stack(0x00000000283c0000,0x00000000284c0000)]
  0x000000001beb1000 JavaThread "jar transforms Thread 595" [_thread_blocked, id=17468, stack(0x00000000282c0000,0x00000000283c0000)]
  0x000000001beae800 JavaThread "jar transforms Thread 594" [_thread_blocked, id=5940, stack(0x00000000281c0000,0x00000000282c0000)]
  0x000000001bead000 JavaThread "jar transforms Thread 593" [_thread_blocked, id=13396, stack(0x00000000280c0000,0x00000000281c0000)]
  0x000000001beb0000 JavaThread "jar transforms Thread 592" [_thread_blocked, id=10752, stack(0x0000000027fc0000,0x00000000280c0000)]
  0x000000001beae000 JavaThread "jar transforms Thread 591" [_thread_blocked, id=10632, stack(0x0000000027ec0000,0x0000000027fc0000)]
  0x000000001bea5800 JavaThread "jar transforms Thread 590" [_thread_blocked, id=10708, stack(0x0000000027dc0000,0x0000000027ec0000)]
  0x000000001beac800 JavaThread "jar transforms Thread 589" [_thread_blocked, id=20376, stack(0x0000000027cc0000,0x0000000027dc0000)]
  0x000000001bea5000 JavaThread "jar transforms Thread 588" [_thread_blocked, id=6596, stack(0x0000000027bc0000,0x0000000027cc0000)]
  0x000000001beab000 JavaThread "jar transforms Thread 587" [_thread_blocked, id=9260, stack(0x0000000027ac0000,0x0000000027bc0000)]
  0x000000001beaa000 JavaThread "jar transforms Thread 586" [_thread_blocked, id=2384, stack(0x00000000279c0000,0x0000000027ac0000)]
  0x000000001beab800 JavaThread "jar transforms Thread 585" [_thread_blocked, id=15712, stack(0x00000000278c0000,0x00000000279c0000)]
  0x000000001bea9800 JavaThread "jar transforms Thread 584" [_thread_blocked, id=7260, stack(0x00000000277c0000,0x00000000278c0000)]
  0x000000001bea8800 JavaThread "jar transforms Thread 583" [_thread_blocked, id=10972, stack(0x00000000276c0000,0x00000000277c0000)]
  0x000000001bea8000 JavaThread "jar transforms Thread 582" [_thread_blocked, id=12856, stack(0x00000000275c0000,0x00000000276c0000)]
  0x000000001ae3a000 JavaThread "jar transforms Thread 581" [_thread_blocked, id=15852, stack(0x00000000274c0000,0x00000000275c0000)]
  0x000000001ae39800 JavaThread "jar transforms Thread 580" [_thread_blocked, id=15628, stack(0x00000000273c0000,0x00000000274c0000)]
  0x000000001ae38800 JavaThread "jar transforms Thread 579" [_thread_blocked, id=14660, stack(0x00000000272c0000,0x00000000273c0000)]
  0x000000001ae3e800 JavaThread "jar transforms Thread 578" [_thread_blocked, id=12164, stack(0x00000000271c0000,0x00000000272c0000)]
  0x000000001ae3d000 JavaThread "jar transforms Thread 577" [_thread_blocked, id=17368, stack(0x00000000270c0000,0x00000000271c0000)]
  0x000000001ae3e000 JavaThread "jar transforms Thread 576" [_thread_blocked, id=1116, stack(0x0000000026fc0000,0x00000000270c0000)]
  0x000000001ae3c800 JavaThread "jar transforms Thread 575" [_thread_blocked, id=14784, stack(0x0000000026ec0000,0x0000000026fc0000)]
  0x000000001ae3f800 JavaThread "jar transforms Thread 574" [_thread_blocked, id=16144, stack(0x0000000026dc0000,0x0000000026ec0000)]
  0x000000001ae33800 JavaThread "jar transforms Thread 573" [_thread_blocked, id=6624, stack(0x0000000026cc0000,0x0000000026dc0000)]
  0x000000001ae31000 JavaThread "jar transforms Thread 572" [_thread_blocked, id=17932, stack(0x0000000026790000,0x0000000026890000)]
  0x000000001ae38000 JavaThread "jar transforms Thread 571" [_thread_blocked, id=13244, stack(0x0000000026430000,0x0000000026530000)]
  0x000000001ae32800 JavaThread "jar transforms Thread 570" [_thread_blocked, id=14212, stack(0x00000000260f0000,0x00000000261f0000)]
  0x000000001ae30800 JavaThread "jar transforms Thread 569" [_thread_blocked, id=12472, stack(0x0000000024c00000,0x0000000024d00000)]
  0x000000001ae37000 JavaThread "jar transforms Thread 568" [_thread_blocked, id=7364, stack(0x0000000024300000,0x0000000024400000)]
  0x000000001ae32000 JavaThread "jar transforms Thread 567" [_thread_blocked, id=7316, stack(0x0000000023e00000,0x0000000023f00000)]
  0x000000001ae34000 JavaThread "jar transforms Thread 566" [_thread_blocked, id=9900, stack(0x0000000023d00000,0x0000000023e00000)]
  0x000000001ae35800 JavaThread "jar transforms Thread 565" [_thread_blocked, id=7696, stack(0x0000000023c00000,0x0000000023d00000)]
  0x000000001ae36800 JavaThread "jar transforms Thread 564" [_thread_blocked, id=8612, stack(0x0000000023b00000,0x0000000023c00000)]
  0x000000001ae35000 JavaThread "jar transforms Thread 563" [_thread_blocked, id=5452, stack(0x0000000023a00000,0x0000000023b00000)]
  0x000000002521b800 JavaThread "jar transforms Thread 562" [_thread_blocked, id=11632, stack(0x0000000023900000,0x0000000023a00000)]
  0x000000002521a800 JavaThread "jar transforms Thread 561" [_thread_blocked, id=19316, stack(0x0000000023800000,0x0000000023900000)]
  0x0000000025219000 JavaThread "jar transforms Thread 560" [_thread_blocked, id=8228, stack(0x0000000023560000,0x0000000023660000)]
  0x0000000025213000 JavaThread "jar transforms Thread 559" [_thread_blocked, id=12044, stack(0x0000000023460000,0x0000000023560000)]
  0x000000002521a000 JavaThread "jar transforms Thread 558" [_thread_blocked, id=7120, stack(0x0000000023360000,0x0000000023460000)]
  0x0000000025218800 JavaThread "jar transforms Thread 557" [_thread_blocked, id=18232, stack(0x0000000023260000,0x0000000023360000)]
  0x0000000025217800 JavaThread "jar transforms Thread 556" [_thread_blocked, id=10908, stack(0x0000000023160000,0x0000000023260000)]
  0x0000000025217000 JavaThread "jar transforms Thread 555" [_thread_blocked, id=6240, stack(0x0000000023060000,0x0000000023160000)]
  0x0000000025210000 JavaThread "jar transforms Thread 554" [_thread_blocked, id=17396, stack(0x0000000022f60000,0x0000000023060000)]
  0x0000000025216000 JavaThread "jar transforms Thread 553" [_thread_blocked, id=5340, stack(0x0000000022e60000,0x0000000022f60000)]
  0x000000002520e800 JavaThread "Build operations Thread 8" [_thread_blocked, id=16708, stack(0x0000000022b60000,0x0000000022c60000)]
  0x0000000025211800 JavaThread "Build operations Thread 7" [_thread_blocked, id=14036, stack(0x0000000022a60000,0x0000000022b60000)]
  0x0000000025215800 JavaThread "Build operations Thread 6" [_thread_blocked, id=3276, stack(0x0000000022960000,0x0000000022a60000)]
  0x0000000025214800 JavaThread "Build operations Thread 5" [_thread_blocked, id=5976, stack(0x0000000022860000,0x0000000022960000)]
  0x0000000025212000 JavaThread "Build operations Thread 4" [_thread_blocked, id=8004, stack(0x0000000022760000,0x0000000022860000)]
  0x000000002520d000 JavaThread "Build operations Thread 3" [_thread_blocked, id=2824, stack(0x0000000021400000,0x0000000021500000)]
  0x0000000025214000 JavaThread "Build operations Thread 2" [_thread_blocked, id=16836, stack(0x0000000021300000,0x0000000021400000)]
  0x0000000025210800 JavaThread "Build operations" [_thread_blocked, id=13472, stack(0x0000000021200000,0x0000000021300000)]
  0x000000002520c000 JavaThread "Cache worker for cache directory md-rule (C:\Users\Admin\.gradle\caches\6.5\md-rule)" [_thread_blocked, id=11348, stack(0x0000000021100000,0x0000000021200000)]
  0x000000001cba0800 JavaThread "Cache worker for cache directory md-supplier (C:\Users\Admin\.gradle\caches\6.5\md-supplier)" [_thread_blocked, id=12364, stack(0x000000001e960000,0x000000001ea60000)]
  0x000000001cba0000 JavaThread "Cache worker for checksums cache (C:\Users\Admin\AndroidStudioProjects\CalculatorLite\.gradle\checksums)" [_thread_blocked, id=19440, stack(0x000000001e660000,0x000000001e760000)]
  0x000000001cba2000 JavaThread "Cache worker for file hash cache (C:\Users\Admin\AndroidStudioProjects\CalculatorLite\.gradle\6.5\fileHashes)" [_thread_blocked, id=7152, stack(0x000000001e560000,0x000000001e660000)]
  0x000000001cba1800 JavaThread "Thread-768" [_thread_blocked, id=4360, stack(0x000000001e460000,0x000000001e560000)]
  0x000000001cb99000 JavaThread "Stdin handler" [_thread_blocked, id=4224, stack(0x000000001e360000,0x000000001e460000)]
  0x000000001cb9f000 JavaThread "Asynchronous log dispatcher for DefaultDaemonConnection: socket connection from /127.0.0.1:60526 to /127.0.0.1:60926" [_thread_blocked, id=4604, stack(0x000000001dd10000,0x000000001de10000)]
  0x000000001cb97000 JavaThread "Daemon worker Thread 7" [_thread_blocked, id=19576, stack(0x000000001dc10000,0x000000001dd10000)]
  0x000000001cb98800 JavaThread "Cancel handler" [_thread_blocked, id=13184, stack(0x0000000001470000,0x0000000001570000)]
  0x000000001cb95800 JavaThread "Handler for socket connection from /127.0.0.1:60526 to /127.0.0.1:60926" [_thread_in_native, id=4712, stack(0x0000000001370000,0x0000000001470000)]
  0x000000001cb94800 JavaThread "Daemon Thread 7" [_thread_blocked, id=9764, stack(0x0000000001270000,0x0000000001370000)]
  0x000000001a10f000 JavaThread "Cache worker for Java compile cache (C:\Users\Admin\.gradle\caches\6.5\javaCompile)" [_thread_blocked, id=6404, stack(0x0000000031970000,0x0000000031a70000)]
  0x0000000020f39000 JavaThread "Memory manager" [_thread_blocked, id=12916, stack(0x000000002c2c0000,0x000000002c3c0000)]
  0x000000001cb93000 JavaThread "Cache worker for file content cache (C:\Users\Admin\.gradle\caches\6.5\fileContent)" [_thread_blocked, id=7992, stack(0x0000000024b00000,0x0000000024c00000)]
  0x000000001cb9a000 JavaThread "Cache worker for execution history cache (C:\Users\Admin\.gradle\caches\6.5\executionHistory)" [_thread_blocked, id=6648, stack(0x0000000024600000,0x0000000024700000)]
  0x000000001cb20000 JavaThread "Cache worker for file hash cache (C:\Users\Admin\.gradle\caches\6.5\fileHashes)" [_thread_blocked, id=15748, stack(0x000000001ee60000,0x000000001ef60000)]
  0x000000001cb1f000 JavaThread "File lock request listener" [_thread_in_native, id=7672, stack(0x000000001ed60000,0x000000001ee60000)]
  0x000000001af33800 JavaThread "Cache worker for journal cache (C:\Users\Admin\.gradle\caches\journal-1)" [_thread_blocked, id=19852, stack(0x000000001ec60000,0x000000001ed60000)]
  0x000000001c8ec000 JavaThread "Daemon periodic checks" [_thread_blocked, id=20324, stack(0x000000001e060000,0x000000001e160000)]
  0x000000001c8fa000 JavaThread "Incoming local TCP Connector on port 60526" [_thread_in_native, id=4736, stack(0x000000001de10000,0x000000001df10000)]
  0x000000001a0cd000 JavaThread "Daemon health stats" [_thread_blocked, id=9820, stack(0x000000001d7d0000,0x000000001d8d0000)]
  0x0000000019fe8800 JavaThread "Service Thread" daemon [_thread_blocked, id=11764, stack(0x000000001ac30000,0x000000001ad30000)]
  0x0000000019f5e000 JavaThread "C1 CompilerThread3" daemon [_thread_blocked, id=6632, stack(0x000000001ab30000,0x000000001ac30000)]
  0x0000000019f5b000 JavaThread "C2 CompilerThread2" daemon [_thread_blocked, id=15868, stack(0x000000001aa30000,0x000000001ab30000)]
=>0x0000000019f59000 JavaThread "C2 CompilerThread1" daemon [_thread_in_native, id=10780, stack(0x000000001a930000,0x000000001aa30000)]
  0x0000000019f55000 JavaThread "C2 CompilerThread0" daemon [_thread_blocked, id=9316, stack(0x000000001a830000,0x000000001a930000)]
  0x0000000019f50000 JavaThread "Attach Listener" daemon [_thread_blocked, id=6492, stack(0x000000001a730000,0x000000001a830000)]
  0x000000001816e000 JavaThread "Signal Dispatcher" daemon [_thread_blocked, id=4392, stack(0x000000001a630000,0x000000001a730000)]
  0x0000000002fe8800 JavaThread "Finalizer" daemon [_thread_blocked, id=5956, stack(0x000000001a420000,0x000000001a520000)]
  0x000000001815b800 JavaThread "Reference Handler" daemon [_thread_blocked, id=7756, stack(0x000000001a320000,0x000000001a420000)]
  0x00000000030ee000 JavaThread "main" [_thread_blocked, id=4188, stack(0x0000000002de0000,0x0000000002ee0000)]

Other Threads:
  0x0000000018157800 VMThread [stack: 0x0000000019e20000,0x0000000019f20000] [id=17260]
  0x0000000019fe9000 WatcherThread [stack: 0x000000001ad30000,0x000000001ae30000] [id=9248]

VM state:at safepoint (normal execution)

VM Mutex/Monitor currently owned by a thread:  ([mutex/lock_event])
[0x00000000030ed030] Threads_lock - owner thread: 0x0000000018157800
[0x00000000030ecd30] Heap_lock - owner thread: 0x0000000025212000

heap address: 0x0000000080000000, size: 2048 MB, Compressed Oops mode: 32-bit
Narrow klass base: 0x0000000000000000, Narrow klass shift: 3
Compressed class space size: 1073741824 Address: 0x0000000100000000

Heap:
 PSYoungGen      total 537088K, used 4480K [0x00000000d5580000, 0x00000000ff080000, 0x0000000100000000)
  eden space 480768K, 0% used [0x00000000d5580000,0x00000000d5580000,0x00000000f2b00000)
  from space 56320K, 7% used [0x00000000fb980000,0x00000000fbde0000,0x00000000ff080000)
  to   space 56832K, 0% used [0x00000000f2b00000,0x00000000f2b00000,0x00000000f6280000)
 ParOldGen       total 198144K, used 174593K [0x0000000080000000, 0x000000008c180000, 0x00000000d5580000)
  object space 198144K, 88% used [0x0000000080000000,0x000000008aa80408,0x000000008c180000)
 Metaspace       used 120188K, capacity 128350K, committed 128460K, reserved 1161216K
  class space    used 15571K, capacity 17152K, committed 17152K, reserved 1048576K

Card table byte_map: [0x00000000124b0000,0x00000000128c0000] byte_map_base: 0x00000000120b0000

Marking Bits: (ParMarkBitMap*) 0x000000005f43f030
 Begin Bits: [0x0000000013370000, 0x0000000015370000)
 End Bits:   [0x0000000015370000, 0x0000000017370000)

Polling page: 0x0000000001150000

CodeCache: size=245760Kb used=77422Kb max_used=78903Kb free=168337Kb
 bounds [0x00000000030f0000, 0x0000000007e60000, 0x00000000120f0000]
 total_blobs=22387 nmethods=21428 adapters=867
 compilation: enabled

Compilation events (10 events):
Event: 6827.062 Thread 0x0000000019f5e000 27228 %     3       com.android.tools.r8.s.b.o::a @ 8 (36 bytes)
Event: 6827.063 Thread 0x0000000019f5e000 nmethod 27228% 0x0000000005186990 code [0x0000000005186ba0, 0x0000000005187678]
Event: 6827.066 Thread 0x0000000019f5e000 27229       3       com.android.tools.r8.s.b.o::a (36 bytes)
Event: 6827.067 Thread 0x0000000019f5e000 nmethod 27229 0x000000000481cf50 code [0x000000000481d160, 0x000000000481db68]
Event: 6827.087 Thread 0x0000000019f5e000 27230       3       com.android.tools.r8.s.b.U0::d (46 bytes)
Event: 6827.088 Thread 0x0000000019f5e000 nmethod 27230 0x0000000005eacc50 code [0x0000000005eace20, 0x0000000005ead5c8]
Event: 6827.093 Thread 0x0000000019f5e000 27231       3       com.android.tools.r8.ir.regalloc.j::a (523 bytes)
Event: 6827.098 Thread 0x0000000019f5e000 nmethod 27231 0x00000000075891d0 code [0x00000000075897a0, 0x000000000758d2b8]
Event: 6827.098 Thread 0x0000000019f5e000 27232       2       com.android.tools.r8.t.a.a.a.f.g::a (6 bytes)
Event: 6827.098 Thread 0x0000000019f5e000 nmethod 27232 0x00000000058a1c10 code [0x00000000058a1d80, 0x00000000058a1f08]

GC Heap History (10 events):
Event: 6823.010 GC heap after
Heap after GC invocations=30 (full 4):
 PSYoungGen      total 466432K, used 24457K [0x00000000d5580000, 0x00000000f5500000, 0x0000000100000000)
  eden space 415232K, 0% used [0x00000000d5580000,0x00000000d5580000,0x00000000eeb00000)
  from space 51200K, 47% used [0x00000000f2300000,0x00000000f3ae25f8,0x00000000f5500000)
  to   space 54272K, 0% used [0x00000000eeb00000,0x00000000eeb00000,0x00000000f2000000)
 ParOldGen       total 198144K, used 132625K [0x0000000080000000, 0x000000008c180000, 0x00000000d5580000)
  object space 198144K, 66% used [0x0000000080000000,0x0000000088184540,0x000000008c180000)
 Metaspace       used 118481K, capacity 126470K, committed 126540K, reserved 1159168K
  class space    used 15480K, capacity 17004K, committed 17024K, reserved 1048576K
}
Event: 6824.306 GC heap before
{Heap before GC invocations=31 (full 4):
 PSYoungGen      total 466432K, used 439689K [0x00000000d5580000, 0x00000000f5500000, 0x0000000100000000)
  eden space 415232K, 100% used [0x00000000d5580000,0x00000000eeb00000,0x00000000eeb00000)
  from space 51200K, 47% used [0x00000000f2300000,0x00000000f3ae25f8,0x00000000f5500000)
  to   space 54272K, 0% used [0x00000000eeb00000,0x00000000eeb00000,0x00000000f2000000)
 ParOldGen       total 198144K, used 132625K [0x0000000080000000, 0x000000008c180000, 0x00000000d5580000)
  object space 198144K, 66% used [0x0000000080000000,0x0000000088184540,0x000000008c180000)
 Metaspace       used 119365K, capacity 127488K, committed 127692K, reserved 1159168K
  class space    used 15556K, capacity 17137K, committed 17152K, reserved 1048576K
Event: 6824.330 GC heap after
Heap after GC invocations=31 (full 4):
 PSYoungGen      total 469504K, used 38583K [0x00000000d5580000, 0x00000000f9980000, 0x0000000100000000)
  eden space 415232K, 0% used [0x00000000d5580000,0x00000000d5580000,0x00000000eeb00000)
  from space 54272K, 71% used [0x00000000eeb00000,0x00000000f10add40,0x00000000f2000000)
  to   space 56320K, 0% used [0x00000000f6280000,0x00000000f6280000,0x00000000f9980000)
 ParOldGen       total 198144K, used 132769K [0x0000000080000000, 0x000000008c180000, 0x00000000d5580000)
  object space 198144K, 67% used [0x0000000080000000,0x00000000881a8550,0x000000008c180000)
 Metaspace       used 119365K, capacity 127488K, committed 127692K, reserved 1159168K
  class space    used 15556K, capacity 17137K, committed 17152K, reserved 1048576K
}
Event: 6825.308 GC heap before
{Heap before GC invocations=32 (full 4):
 PSYoungGen      total 469504K, used 453815K [0x00000000d5580000, 0x00000000f9980000, 0x0000000100000000)
  eden space 415232K, 100% used [0x00000000d5580000,0x00000000eeb00000,0x00000000eeb00000)
  from space 54272K, 71% used [0x00000000eeb00000,0x00000000f10add40,0x00000000f2000000)
  to   space 56320K, 0% used [0x00000000f6280000,0x00000000f6280000,0x00000000f9980000)
 ParOldGen       total 198144K, used 132769K [0x0000000080000000, 0x000000008c180000, 0x00000000d5580000)
  object space 198144K, 67% used [0x0000000080000000,0x00000000881a8550,0x000000008c180000)
 Metaspace       used 119999K, capacity 128182K, committed 128204K, reserved 1161216K
  class space    used 15566K, capacity 17146K, committed 17152K, reserved 1048576K
Event: 6825.358 GC heap after
Heap after GC invocations=32 (full 4):
 PSYoungGen      total 537088K, used 37264K [0x00000000d5580000, 0x00000000fa700000, 0x0000000100000000)
  eden space 480768K, 0% used [0x00000000d5580000,0x00000000d5580000,0x00000000f2b00000)
  from space 56320K, 66% used [0x00000000f6280000,0x00000000f86e40b8,0x00000000f9980000)
  to   space 56832K, 0% used [0x00000000f2b00000,0x00000000f2b00000,0x00000000f6280000)
 ParOldGen       total 198144K, used 142254K [0x0000000080000000, 0x000000008c180000, 0x00000000d5580000)
  object space 198144K, 71% used [0x0000000080000000,0x0000000088aeb910,0x000000008c180000)
 Metaspace       used 119999K, capacity 128182K, committed 128204K, reserved 1161216K
  class space    used 15566K, capacity 17146K, committed 17152K, reserved 1048576K
}
Event: 6826.280 GC heap before
{Heap before GC invocations=33 (full 4):
 PSYoungGen      total 537088K, used 518032K [0x00000000d5580000, 0x00000000fa700000, 0x0000000100000000)
  eden space 480768K, 100% used [0x00000000d5580000,0x00000000f2b00000,0x00000000f2b00000)
  from space 56320K, 66% used [0x00000000f6280000,0x00000000f86e40b8,0x00000000f9980000)
  to   space 56832K, 0% used [0x00000000f2b00000,0x00000000f2b00000,0x00000000f6280000)
 ParOldGen       total 198144K, used 142254K [0x0000000080000000, 0x000000008c180000, 0x00000000d5580000)
  object space 198144K, 71% used [0x0000000080000000,0x0000000088aeb910,0x000000008c180000)
 Metaspace       used 120147K, capacity 128344K, committed 128460K, reserved 1161216K
  class space    used 15570K, capacity 17151K, committed 17152K, reserved 1048576K
Event: 6826.300 GC heap after
Heap after GC invocations=33 (full 4):
 PSYoungGen      total 537600K, used 16922K [0x00000000d5580000, 0x00000000ff080000, 0x0000000100000000)
  eden space 480768K, 0% used [0x00000000d5580000,0x00000000d5580000,0x00000000f2b00000)
  from space 56832K, 29% used [0x00000000f2b00000,0x00000000f3b869d8,0x00000000f6280000)
  to   space 56320K, 0% used [0x00000000fb980000,0x00000000fb980000,0x00000000ff080000)
 ParOldGen       total 198144K, used 158974K [0x0000000080000000, 0x000000008c180000, 0x00000000d5580000)
  object space 198144K, 80% used [0x0000000080000000,0x0000000089b3f890,0x000000008c180000)
 Metaspace       used 120147K, capacity 128344K, committed 128460K, reserved 1161216K
  class space    used 15570K, capacity 17151K, committed 17152K, reserved 1048576K
}
Event: 6827.121 GC heap before
{Heap before GC invocations=34 (full 4):
 PSYoungGen      total 537600K, used 497690K [0x00000000d5580000, 0x00000000ff080000, 0x0000000100000000)
  eden space 480768K, 100% used [0x00000000d5580000,0x00000000f2b00000,0x00000000f2b00000)
  from space 56832K, 29% used [0x00000000f2b00000,0x00000000f3b869d8,0x00000000f6280000)
  to   space 56320K, 0% used [0x00000000fb980000,0x00000000fb980000,0x00000000ff080000)
 ParOldGen       total 198144K, used 158974K [0x0000000080000000, 0x000000008c180000, 0x00000000d5580000)
  object space 198144K, 80% used [0x0000000080000000,0x0000000089b3f890,0x000000008c180000)
 Metaspace       used 120188K, capacity 128350K, committed 128460K, reserved 1161216K
  class space    used 15571K, capacity 17152K, committed 17152K, reserved 1048576K
Event: 6827.147 GC heap after
Heap after GC invocations=34 (full 4):
 PSYoungGen      total 537088K, used 4480K [0x00000000d5580000, 0x00000000ff080000, 0x0000000100000000)
  eden space 480768K, 0% used [0x00000000d5580000,0x00000000d5580000,0x00000000f2b00000)
  from space 56320K, 7% used [0x00000000fb980000,0x00000000fbde0000,0x00000000ff080000)
  to   space 56832K, 0% used [0x00000000f2b00000,0x00000000f2b00000,0x00000000f6280000)
 ParOldGen       total 198144K, used 174593K [0x0000000080000000, 0x000000008c180000, 0x00000000d5580000)
  object space 198144K, 88% used [0x0000000080000000,0x000000008aa80408,0x000000008c180000)
 Metaspace       used 120188K, capacity 128350K, committed 128460K, reserved 1161216K
  class space    used 15571K, capacity 17152K, committed 17152K, reserved 1048576K
}
Event: 6827.147 GC heap before
{Heap before GC invocations=35 (full 5):
 PSYoungGen      total 537088K, used 4480K [0x00000000d5580000, 0x00000000ff080000, 0x0000000100000000)
  eden space 480768K, 0% used [0x00000000d5580000,0x00000000d5580000,0x00000000f2b00000)
  from space 56320K, 7% used [0x00000000fb980000,0x00000000fbde0000,0x00000000ff080000)
  to   space 56832K, 0% used [0x00000000f2b00000,0x00000000f2b00000,0x00000000f6280000)
 ParOldGen       total 198144K, used 174593K [0x0000000080000000, 0x000000008c180000, 0x00000000d5580000)
  object space 198144K, 88% used [0x0000000080000000,0x000000008aa80408,0x000000008c180000)
 Metaspace       used 120188K, capacity 128350K, committed 128460K, reserved 1161216K
  class space    used 15571K, capacity 17152K, committed 17152K, reserved 1048576K

Deoptimization events (10 events):
Event: 6825.968 Thread 0x0000000025212000 Uncommon trap: reason=class_check action=maybe_recompile pc=0x0000000007c02330 method=com.android.tools.r8.ir.conversion.o.a(Lcom/android/tools/r8/ir/conversion/N;IZ)V @ 524
Event: 6826.033 Thread 0x0000000025214000 Uncommon trap: reason=class_check action=maybe_recompile pc=0x0000000007c02330 method=com.android.tools.r8.ir.conversion.o.a(Lcom/android/tools/r8/ir/conversion/N;IZ)V @ 524
Event: 6826.033 Thread 0x0000000025214000 Uncommon trap: reason=class_check action=maybe_recompile pc=0x0000000007c02330 method=com.android.tools.r8.ir.conversion.o.a(Lcom/android/tools/r8/ir/conversion/N;IZ)V @ 524
Event: 6826.033 Thread 0x0000000025214000 Uncommon trap: reason=class_check action=maybe_recompile pc=0x00000000043da2c4 method=com.android.tools.r8.s.a.h.e.b(Lcom/android/tools/r8/s/b/k0;)V @ 244
Event: 6826.392 Thread 0x0000000025214000 Uncommon trap: reason=unstable_if action=reinterpret pc=0x0000000007cf7d18 method=com.android.tools.r8.s.b.q1.a(Lcom/android/tools/r8/graph/f;Lcom/android/tools/r8/s/b/X;Ljava/util/function/Predicate;Ljava/util/Set;)Z @ 184
Event: 6826.545 Thread 0x0000000025212000 Uncommon trap: reason=class_check action=maybe_recompile pc=0x00000000043da2c4 method=com.android.tools.r8.s.a.h.e.b(Lcom/android/tools/r8/s/b/k0;)V @ 244
Event: 6826.623 Thread 0x0000000025214000 Uncommon trap: reason=bimorphic action=maybe_recompile pc=0x0000000007563bf4 method=com.android.tools.r8.s.b.t1.a(Lcom/android/tools/r8/s/a/p/u;)Lcom/android/tools/r8/s/b/t1; @ 19
Event: 6826.623 Thread 0x0000000025214000 Uncommon trap: reason=bimorphic action=maybe_recompile pc=0x0000000007563bf4 method=com.android.tools.r8.s.b.t1.a(Lcom/android/tools/r8/s/a/p/u;)Lcom/android/tools/r8/s/b/t1; @ 19
Event: 6826.624 Thread 0x0000000025214000 Uncommon trap: reason=bimorphic action=maybe_recompile pc=0x0000000007563bf4 method=com.android.tools.r8.s.b.t1.a(Lcom/android/tools/r8/s/a/p/u;)Lcom/android/tools/r8/s/b/t1; @ 19
Event: 6826.624 Thread 0x0000000025214000 Uncommon trap: reason=bimorphic action=maybe_recompile pc=0x0000000007563bf4 method=com.android.tools.r8.s.b.t1.a(Lcom/android/tools/r8/s/a/p/u;)Lcom/android/tools/r8/s/b/t1; @ 19

Classes redefined (0 events):
No events

Internal exceptions (10 events):
Event: 6824.067 Thread 0x0000000025211800 Exception <a 'sun/nio/fs/WindowsException'> (0x00000000e748ce50) thrown at [C:\src\AOSP-openjdk-git\hotspot\src\share\vm\prims\jni.cpp, line 710]
Event: 6824.081 Thread 0x0000000025211800 Exception <a 'sun/nio/fs/WindowsException'> (0x00000000e7904f88) thrown at [C:\src\AOSP-openjdk-git\hotspot\src\share\vm\prims\jni.cpp, line 710]
Event: 6824.141 Thread 0x000000002520e800 Exception <a 'sun/nio/fs/WindowsException'> (0x00000000e9901d88) thrown at [C:\src\AOSP-openjdk-git\hotspot\src\share\vm\prims\jni.cpp, line 710]
Event: 6824.206 Thread 0x0000000025211800 Exception <a 'sun/nio/fs/WindowsException'> (0x00000000ebd98ac0) thrown at [C:\src\AOSP-openjdk-git\hotspot\src\share\vm\prims\jni.cpp, line 710]
Event: 6824.207 Thread 0x000000002520e800 Exception <a 'sun/nio/fs/WindowsException'> (0x00000000ebe87ec0) thrown at [C:\src\AOSP-openjdk-git\hotspot\src\share\vm\prims\jni.cpp, line 710]
Event: 6824.207 Thread 0x0000000025210800 Exception <a 'sun/nio/fs/WindowsException'> (0x00000000ebde0898) thrown at [C:\src\AOSP-openjdk-git\hotspot\src\share\vm\prims\jni.cpp, line 710]
Event: 6824.218 Thread 0x000000002520e800 Exception <a 'sun/nio/fs/WindowsException'> (0x00000000ec344678) thrown at [C:\src\AOSP-openjdk-git\hotspot\src\share\vm\prims\jni.cpp, line 710]
Event: 6824.237 Thread 0x0000000025212000 Exception <a 'sun/nio/fs/WindowsException'> (0x00000000ecb90518) thrown at [C:\src\AOSP-openjdk-git\hotspot\src\share\vm\prims\jni.cpp, line 710]
Event: 6824.257 Thread 0x0000000025214000 Exception <a 'sun/nio/fs/WindowsException'> (0x00000000ed397610) thrown at [C:\src\AOSP-openjdk-git\hotspot\src\share\vm\prims\jni.cpp, line 710]
Event: 6825.146 Thread 0x000000002520d000 Exception <a 'sun/nio/fs/WindowsException'> (0x00000000eb4aba30) thrown at [C:\src\AOSP-openjdk-git\hotspot\src\share\vm\prims\jni.cpp, line 710]

Events (10 events):
Event: 6826.624 Thread 0x0000000025214000 Uncommon trap: trap_request=0xffffffc6 fr.pc=0x0000000007563bf4
Event: 6826.624 Thread 0x0000000025214000 DEOPT PACKING pc=0x0000000007563bf4 sp=0x00000000213f9f80
Event: 6826.624 Thread 0x0000000025214000 DEOPT UNPACKING pc=0x000000000313557b sp=0x00000000213f9f70 mode 2
Event: 6826.734 Thread 0x0000000025212000 DEOPT PACKING pc=0x0000000005645b2c sp=0x000000002285a070
Event: 6826.734 Thread 0x0000000025212000 DEOPT UNPACKING pc=0x00000000031375d0 sp=0x0000000022859ed8 mode 0
Event: 6826.763 Thread 0x0000000025214000 DEOPT PACKING pc=0x00000000059f8a4c sp=0x00000000213fad00
Event: 6826.763 Thread 0x0000000025214000 DEOPT UNPACKING pc=0x00000000031375d0 sp=0x00000000213faa68 mode 0
Event: 6827.033 Thread 0x0000000025212000 DEOPT PACKING pc=0x0000000005645b2c sp=0x000000002285a350
Event: 6827.033 Thread 0x0000000025212000 DEOPT UNPACKING pc=0x00000000031375d0 sp=0x000000002285a1d0 mode 0
Event: 6827.120 Executing VM operation: ParallelGCFailedAllocation


Dynamic libraries:
0x00007ff75a840000 - 0x00007ff75a871000 	C:\Program Files\Android\Android Studio\jre\bin\java.exe
0x00007ffd9a2d0000 - 0x00007ffd9a4c5000 	C:\WINDOWS\SYSTEM32\ntdll.dll
0x00007ffd98cb0000 - 0x00007ffd98d6d000 	C:\WINDOWS\System32\KERNEL32.DLL
0x00007ffd97d70000 - 0x00007ffd98037000 	C:\WINDOWS\System32\KERNELBASE.dll
0x00007ffd98b10000 - 0x00007ffd98bba000 	C:\WINDOWS\System32\ADVAPI32.dll
0x00007ffd99fd0000 - 0x00007ffd9a06e000 	C:\WINDOWS\System32\msvcrt.dll
0x00007ffd99780000 - 0x00007ffd9981b000 	C:\WINDOWS\System32\sechost.dll
0x00007ffd98e20000 - 0x00007ffd98f44000 	C:\WINDOWS\System32\RPCRT4.dll
0x00007ffd9a0f0000 - 0x00007ffd9a290000 	C:\WINDOWS\System32\USER32.dll
0x00007ffd97a10000 - 0x00007ffd97a32000 	C:\WINDOWS\System32\win32u.dll
0x00007ffd98770000 - 0x00007ffd9879a000 	C:\WINDOWS\System32\GDI32.dll
0x00007ffd98110000 - 0x00007ffd98219000 	C:\WINDOWS\System32\gdi32full.dll
0x00007ffd97a40000 - 0x00007ffd97add000 	C:\WINDOWS\System32\msvcp_win.dll
0x00007ffd97c70000 - 0x00007ffd97d70000 	C:\WINDOWS\System32\ucrtbase.dll
0x00007ffd8d870000 - 0x00007ffd8db0b000 	C:\WINDOWS\WinSxS\amd64_microsoft.windows.common-controls_6595b64144ccf1df_6.0.19041.488_none_ca04af081b815d21\COMCTL32.dll
0x00007ffd990a0000 - 0x00007ffd990d0000 	C:\WINDOWS\System32\IMM32.DLL
0x000000005eab0000 - 0x000000005eb82000 	C:\Program Files\Android\Android Studio\jre\jre\bin\msvcr100.dll
0x000000005ec70000 - 0x000000005f4bb000 	C:\Program Files\Android\Android Studio\jre\jre\bin\server\jvm.dll
0x00007ffd990d0000 - 0x00007ffd990d8000 	C:\WINDOWS\System32\PSAPI.DLL
0x00007ffd962a0000 - 0x00007ffd962a9000 	C:\WINDOWS\SYSTEM32\WSOCK32.dll
0x00007ffd8f1e0000 - 0x00007ffd8f207000 	C:\WINDOWS\SYSTEM32\WINMM.dll
0x00007ffd95a10000 - 0x00007ffd95a1a000 	C:\WINDOWS\SYSTEM32\VERSION.dll
0x00007ffd98f50000 - 0x00007ffd98fbb000 	C:\WINDOWS\System32\WS2_32.dll
0x00007ffd957d0000 - 0x00007ffd957df000 	C:\Program Files\Android\Android Studio\jre\jre\bin\verify.dll
0x00007ffd95730000 - 0x00007ffd95759000 	C:\Program Files\Android\Android Studio\jre\jre\bin\java.dll
0x00007ffd91990000 - 0x00007ffd919a6000 	C:\Program Files\Android\Android Studio\jre\jre\bin\zip.dll
0x00007ffd99820000 - 0x00007ffd99f61000 	C:\WINDOWS\System32\SHELL32.dll
0x00007ffd95a20000 - 0x00007ffd961b3000 	C:\WINDOWS\SYSTEM32\windows.storage.dll
0x00007ffd98340000 - 0x00007ffd98695000 	C:\WINDOWS\System32\combase.dll
0x00007ffd972e0000 - 0x00007ffd9730c000 	C:\WINDOWS\SYSTEM32\Wldp.dll
0x00007ffd98d70000 - 0x00007ffd98e1e000 	C:\WINDOWS\System32\SHCORE.dll
0x00007ffd98aa0000 - 0x00007ffd98af5000 	C:\WINDOWS\System32\shlwapi.dll
0x00007ffd97940000 - 0x00007ffd97966000 	C:\WINDOWS\SYSTEM32\profapi.dll
0x00007ffd90a90000 - 0x00007ffd90aaa000 	C:\Program Files\Android\Android Studio\jre\jre\bin\net.dll
0x00007ffd970d0000 - 0x00007ffd9713a000 	C:\WINDOWS\system32\mswsock.dll
0x00007ffd88730000 - 0x00007ffd88743000 	C:\Program Files\Android\Android Studio\jre\jre\bin\nio.dll
0x00007ffd87a80000 - 0x00007ffd87aa7000 	C:\Users\Admin\.gradle\native\f6784746aeab05261644944871eae4fe03e0ef1612fff0a4a95f87b438bc6780\windows-amd64\native-platform.dll
0x00007ffd957c0000 - 0x00007ffd957cd000 	C:\Program Files\Android\Android Studio\jre\jre\bin\management.dll
0x00007ffd97490000 - 0x00007ffd974a8000 	C:\WINDOWS\SYSTEM32\CRYPTSP.dll
0x00007ffd96a80000 - 0x00007ffd96ab4000 	C:\WINDOWS\system32\rsaenh.dll
0x00007ffd97c40000 - 0x00007ffd97c67000 	C:\WINDOWS\System32\bcrypt.dll
0x00007ffd978c0000 - 0x00007ffd978ee000 	C:\WINDOWS\SYSTEM32\USERENV.dll
0x00007ffd98090000 - 0x00007ffd9810f000 	C:\WINDOWS\System32\bcryptprimitives.dll
0x00007ffd97250000 - 0x00007ffd9725c000 	C:\WINDOWS\SYSTEM32\CRYPTBASE.dll
0x00007ffd96de0000 - 0x00007ffd96e1b000 	C:\WINDOWS\SYSTEM32\IPHLPAPI.DLL
0x00007ffd98330000 - 0x00007ffd98339000 	C:\WINDOWS\System32\NSI.dll
0x00007ffd90c00000 - 0x00007ffd90c17000 	C:\WINDOWS\SYSTEM32\dhcpcsvc6.DLL
0x00007ffd90ae0000 - 0x00007ffd90afd000 	C:\WINDOWS\SYSTEM32\dhcpcsvc.DLL
0x00007ffd96e20000 - 0x00007ffd96eeb000 	C:\WINDOWS\SYSTEM32\DNSAPI.dll
0x00007ffd90d20000 - 0x00007ffd90d2b000 	C:\WINDOWS\SYSTEM32\WINNSI.DLL
0x00007ffd800a0000 - 0x00007ffd800c4000 	C:\Program Files\Android\Android Studio\jre\jre\bin\sunec.dll
0x00007ffd8df50000 - 0x00007ffd8df5a000 	C:\Windows\System32\rasadhlp.dll
0x00007ffd8ea40000 - 0x00007ffd8eabf000 	C:\WINDOWS\System32\fwpuclnt.dll
0x00007ffd881c0000 - 0x00007ffd881cb000 	C:\Program Files\Android\Android Studio\jre\jre\bin\sunmscapi.dll
0x00007ffd97ae0000 - 0x00007ffd97c3d000 	C:\WINDOWS\System32\CRYPT32.dll
0x00007ffd96760000 - 0x00007ffd96793000 	C:\WINDOWS\SYSTEM32\ntmarta.dll

VM Arguments:
jvm_args: -Xmx2048m -Dfile.encoding=UTF-8 -Duser.country=RU -Duser.language=ru -Duser.variant 
java_command: org.gradle.launcher.daemon.bootstrap.GradleDaemon 6.5
java_class_path (initial): C:\Users\Admin\.gradle\wrapper\dists\gradle-6.5-bin\6nifqtx7604sqp1q6g8wikw7p\gradle-6.5\lib\gradle-launcher-6.5.jar
Launcher Type: SUN_STANDARD

Environment Variables:
JAVA_HOME=C:\Program Files\Java\jdk1.8.0_231
PATH=C:\Program Files\Java\jdk1.8.0_231\bin;C:\WINDOWS\system32;C:\WINDOWS;C:\WINDOWS\System32\Wbem;C:\WINDOWS\System32\WindowsPowerShell\v1.0\;C:\WINDOWS\System32\OpenSSH\;C:\Users\Admin\AppData\Local\Microsoft\WindowsApps;
USERNAME=Admin
OS=Windows_NT
PROCESSOR_IDENTIFIER=Intel64 Family 6 Model 158 Stepping 10, GenuineIntel



---------------  S Y S T E M  ---------------

OS: Windows 10.0 , 64 bit Build 19041 (10.0.19041.292)

CPU:total 8 (initial active 8) (4 cores per cpu, 2 threads per core) family 6 model 158 stepping 10, cmov, cx8, fxsr, mmx, sse, sse2, sse3, ssse3, sse4.1, sse4.2, popcnt, avx, avx2, aes, clmul, erms, 3dnowpref, lzcnt, ht, tsc, tscinvbit, bmi1, bmi2, adx

Memory: 4k page, physical 8259888k(1605832k free), swap 10357040k(5960k free)

vm_info: OpenJDK 64-Bit Server VM (25.242-b01) for windows-amd64 JRE (1.8.0_242-release-1644-b01), built by "builder" with MS VC++ 10.0 (VS2010)

time: Fri Jan 29 20:24:01 2021
timezone: Центральная Азия (зима)
elapsed time: 6827 seconds (0d 1h 53m 47s)

